<?xml version="1.0" encoding="utf-8"?><testsuites><testsuite name="pytest" errors="0" failures="0" skipped="0" tests="11" time="48.614" timestamp="2024-08-09T16:58:52.309744+05:30" hostname="Saket-mac-mini.codezeros.local"><testcase classname="Test_ObjectRepo.zizle.test_signup_email.Test_login_email" name="test_enter_email" time="28.765" /><testcase classname="Test_ObjectRepo.zizle.test_signup_email.Test_login_email" name="test_enter_otp" time="8.376" /><testcase classname="Test_ObjectRepo.zizle.test_signup_email.Test_login_email" name="test_enter_password" time="4.851" /><testcase classname="Test_ObjectRepo.zizle.test_signup_email.Test_login_email" name="test_continue" time="0.091" /><testcase classname="Test_ObjectRepo.zizle.test_signup_email.Test_login_email" name="test_enterdob" time="3.098" /><testcase classname="Test_ObjectRepo.zizle.test_signup_email.Test_login_email" name="test_dobcontinue" time="0.049" /><testcase classname="Test_ObjectRepo.zizle.test_signup_email.Test_login_email" name="test_enter_displayname" time="0.598" /><testcase classname="Test_ObjectRepo.zizle.test_signup_email.Test_login_email" name="test_enter_username" time="0.439" /><testcase classname="Test_ObjectRepo.zizle.test_signup_email.Test_login_email" name="test_click" time="0.041" /><testcase classname="Test_ObjectRepo.zizle.test_signup_email.Test_login_email" name="test_skip_invitation" time="1.632" /><testcase classname="Test_ObjectRepo.zizle.test_signup_email.Test_login_email" name="test_skip_wallet" time="0.584" /></testsuite></testsuites>